{"level":"info","message":"GET /"}
{"level":"info","message":"GET /other"}
{"level":"info","message":"Starting server..."}
{"level":"info","message":"Starting server..."}
{"level":"info","message":"GET /"}
{"level":"info","message":"GET /other"}
{"level":"info","message":"GET /"}
{"level":"info","message":"GET /other"}
{"level":"info","message":"GET /"}
{"level":"info","message":"GET /other"}
{"level":"info","message":"GET /"}
{"level":"info","message":"GET /other"}
{"level":"info","message":"GET /"}
{"level":"info","message":"GET /other"}
{"level":"warn","message":122}
{"level":"warn","message":122}
{"level":"info","message":"GET /"}
{"level":"info","message":"GET /other"}
{"level":"warn","message":122}
{"level":"warn","message":122}
{"level":"info","message":"GET /"}
{"level":"info","message":"GET /other"}
{"level":"warn","message":122}
{"level":"warn","message":122}
{"level":"info","message":"GET /"}
{"level":"info","message":"GET /other"}
{"level":"warn","message":122}
{"level":"warn","message":122}
{"level":"info","message":"GET /"}
{"level":"info","message":"GET /other"}
{"level":"info","message":"GET /"}
{"level":"info","message":"GET /other"}
{"level":"info","message":"GET /"}
{"level":"info","message":"GET /other"}
{"level":"info","message":"GET /"}
{"level":"info","message":"GET /other"}
{"level":"info","message":"GET /"}
{"level":"info","message":"GET /other"}
{"level":"info","message":"GET /"}
{"level":"info","message":"GET /other"}
{"level":"info","message":"GET /"}
{"level":"info","message":"GET /other"}
{"level":"info","message":"GET /"}
{"level":"info","message":"GET /other"}
{"level":"info","message":"GET /"}
{"level":"info","message":"GET /other"}
{"level":"info","message":"GET /"}
{"level":"info","message":"GET /other"}
{"level":"info","message":"GET /"}
{"level":"info","message":"GET /other"}
{"level":"info","message":"GET /"}
{"level":"info","message":"GET /other"}
{"level":"info","message":"GET /"}
{"level":"info","message":"GET /other"}
{"level":"info","message":"GET /"}
{"level":"info","message":"GET /other"}
{"level":"info","message":"GET /"}
{"level":"info","message":"GET /other"}
{"level":"info","message":"GET /"}
{"level":"info","message":"GET /other"}
{"level":"info","message":"GET /"}
{"level":"info","message":"GET /other"}
{"level":"info","message":"GET /"}
{"level":"info","message":"GET /other"}
{"level":"info","message":"GET /"}
{"level":"info","message":"GET /other"}
{"level":"info","message":"GET /"}
{"level":"info","message":"GET /other"}
{"level":"info","message":"GET /"}
{"level":"info","message":"GET /other"}
{"level":"info","message":"GET /"}
{"level":"info","message":"GET /other"}
{"level":"info","message":"GET /"}
{"level":"info","message":"GET /other"}
{"level":"info","message":"Server is running on port 3000"}
{"level":"info","message":"GET /"}
{"level":"info","message":"GET /other"}
{"level":"info","message":"Server is running on port 3000"}
{"level":"info","message":"GET /"}
{"level":"info","message":"GET /other"}
{"level":"info","message":"Server is running on port 3000"}
{"level":"info","message":"GET /"}
{"level":"info","message":"GET /other"}
{"level":"info","message":"Server is running on port 3000"}
{"level":"info","message":"GET /"}
{"level":"info","message":"GET /other"}
{"level":"info","message":"Server is running on port 3000"}
{"level":"info","message":"GET /"}
{"level":"info","message":"GET /other"}
{"level":"info","message":"Server is running on port 3000"}
{"level":"info","message":"GET /"}
{"level":"info","message":"GET /other"}
{"level":"info","message":"Server is running on port 3000"}
{"level":"info","message":"GET /"}
{"level":"info","message":"GET /other"}
{"level":"info","message":"POST /users"}
{"level":"info","message":"Server is running on port 3000"}
{"level":"info","message":"GET /"}
{"level":"info","message":"POST /users"}
{"level":"info","message":"GET /other"}
{"level":"info","message":"Server is running on port 3000"}
{"level":"info","message":"POST /users"}
{"level":"info","message":"Server is running on port 3000"}
{"level":"info","message":"Server is running on port 3000"}
{"level":"info","message":"Server is running on port 3000"}
{"level":"info","message":"Server is running on port 3000"}
{"level":"info","message":"Server is running on port 3000"}
{"level":"info","message":"Server is running on port 3000"}
{"level":"info","message":"Server is running on port 3000"}
{"level":"info","message":"Server is running on port 3000"}
{"level":"info","message":"Server is running on port 3000"}
{"level":"info","message":"Server is running on port 3000"}
{"level":"info","message":"Server is running on port 3000"}
{"level":"info","message":"Server is running on port 3000"}
{"level":"info","message":"Server is running on port 3000"}
{"level":"info","message":"Server is running on port 3000"}
{"level":"info","message":"Server is running on port 3000"}
{"level":"info","message":"Server is running on port 3000"}
{"level":"info","message":"Server is running on port 3000"}
{"level":"info","message":"Server is running on port 3000"}
{"level":"info","message":"Server is running on port 3000"}
{"level":"info","message":"Server is running on port 3000"}
{"level":"info","message":"Server is running on port 3000"}
{"level":"info","message":"Server is running on port 3000"}
{"level":"info","message":"Server is running on port 3000"}
{"level":"info","message":"GET /"}
{"level":"info","message":"GET /other"}
{"level":"info","message":"Server is running on port 3000"}
{"level":"info","message":"GET /"}
{"level":"info","message":"GET /other"}
{"level":"info","message":"Server is running on port 3000"}
{"level":"info","message":"GET /"}
{"level":"info","message":"GET /other"}
{"level":"info","message":"GET /"}
{"level":"info","message":"GET /other"}
{"level":"info","message":"Server is running on port 3000"}
{"level":"info","message":"GET /"}
{"level":"info","message":"GET /"}
{"level":"info","message":"GET /other"}
{"level":"info","message":"GET /other"}
{"level":"info","message":"Server is running on port 3000"}
{"level":"info","message":"GET /"}
{"level":"info","message":"GET /other"}
{"level":"info","message":"Server is running on port 3000"}
{"level":"info","message":"GET /"}
{"level":"info","message":"GET /other"}
{"level":"info","message":"Server is running on port 3000"}
{"level":"info","message":"GET /"}
{"level":"info","message":"GET /other"}
{"level":"info","message":"Server is running on port 3000"}
{"level":"info","message":"GET /"}
{"level":"info","message":"GET /other"}
{"level":"info","message":"Server is running on port 3000"}
{"level":"info","message":"GET /"}
{"level":"info","message":"GET /other"}
{"level":"info","message":"GET /"}
{"level":"info","message":"GET /other"}
{"level":"info","message":"GET /"}
{"level":"info","message":"GET /other"}
{"level":"info","message":"GET /"}
{"level":"info","message":"GET /other"}
{"level":"info","message":"GET /"}
{"level":"info","message":"GET /other"}
{"level":"info","message":"GET /"}
{"level":"info","message":"GET /other"}
{"level":"info","message":"GET /"}
{"level":"info","message":"GET /"}
{"level":"info","message":"GET /other"}
{"level":"info","message":"GET /"}
{"level":"info","message":"GET /other"}
{"level":"info","message":"GET /"}
{"level":"info","message":"GET /other"}
{"level":"info","message":"GET /"}
{"level":"info","message":"GET /other"}
{"level":"info","message":"GET /"}
{"level":"info","message":"GET /other"}
{"level":"info","message":"GET /"}
{"level":"info","message":"GET /other"}
{"level":"info","message":"GET /"}
{"level":"info","message":"GET /other"}
{"level":"info","message":"GET /"}
{"level":"info","message":"GET /other"}
{"level":"info","message":"POST /api/signup"}
{"level":"info","message":"POST /users/signup"}
{"level":"info","message":"GET /"}
{"level":"info","message":"GET /other"}
{"level":"info","message":"POST /users/signup"}
{"level":"info","message":"GET /"}
{"level":"info","message":"GET /other"}
{"level":"info","message":"POST /users/signup"}
{"level":"info","message":"GET /"}
{"level":"info","message":"GET /other"}
{"level":"info","message":"GET /"}
{"level":"info","message":"GET /other"}
{"level":"info","message":"POST /users/signup"}
{"level":"info","message":"POST /users/signup"}
{"level":"info","message":"POST /users/signup"}
{"level":"info","message":"GET /"}
{"level":"info","message":"GET /other"}
{"level":"info","message":"POST /users/signup"}
{"level":"info","message":"POST /users/signup"}
{"level":"info","message":"POST /users/signup"}
{"level":"info","message":"GET /"}
{"level":"info","message":"GET /other"}
{"level":"info","message":"POST /users/signup"}
{"level":"info","message":"POST /users/signup"}
{"level":"info","message":"GET /"}
{"level":"info","message":"GET /other"}
{"level":"info","message":"POST /users/signup"}
{"level":"info","message":"GET /"}
{"level":"info","message":"GET /other"}
{"level":"info","message":"GET /"}
{"level":"info","message":"GET /other"}
{"level":"info","message":"POST /users/signup"}
{"level":"info","message":"POST /users/signup"}
{"level":"info","message":"POST /users/signup"}
{"level":"info","message":"POST /users/signup"}
{"level":"info","message":"POST /users/signup"}
{"level":"info","message":"POST /users/signup"}
{"level":"info","message":"GET /"}
{"level":"info","message":"GET /other"}
{"level":"info","message":"POST /users/signup"}
{"level":"info","message":"GET /"}
{"level":"info","message":"GET /other"}
{"level":"info","message":"POST /users/signup"}
{"level":"info","message":"POST /users/signup"}
{"level":"info","message":"GET /"}
{"level":"info","message":"GET /other"}
{"level":"info","message":"POST /users/signup"}
{"level":"info","message":"GET /"}
{"level":"info","message":"GET /other"}
{"level":"info","message":"GET /"}
{"level":"info","message":"GET /other"}
{"level":"info","message":"GET /"}
{"level":"info","message":"GET /other"}
{"level":"info","message":"GET /"}
{"level":"info","message":"GET /other"}
{"level":"info","message":"POST /users/signup"}
{"level":"info","message":"POST /users/signup"}
{"level":"info","message":"POST /users/signup"}
{"level":"info","message":"POST /users/signup"}
{"level":"info","message":"POST /users/signup"}
{"level":"info","message":"GET /"}
{"level":"info","message":"GET /other"}
{"level":"info","message":"GET /"}
{"level":"info","message":"GET /other"}
{"level":"info","message":"GET /"}
{"level":"info","message":"GET /other"}
{"level":"info","message":"GET /"}
{"level":"info","message":"GET /other"}
{"level":"info","message":"GET /"}
{"level":"info","message":"GET /other"}
{"level":"info","message":"GET /"}
{"level":"info","message":"GET /other"}
{"level":"info","message":"GET /"}
{"level":"info","message":"GET /other"}
{"level":"info","message":"GET /"}
{"level":"info","message":"GET /other"}
{"level":"info","message":"GET /"}
{"level":"info","message":"GET /other"}
{"level":"info","message":"GET /"}
{"level":"info","message":"GET /other"}
{"level":"info","message":"GET /"}
{"level":"info","message":"GET /other"}
{"level":"info","message":"GET /"}
{"level":"info","message":"GET /other"}
{"level":"info","message":"GET /"}
{"level":"info","message":"GET /other"}
{"level":"info","message":"GET /"}
{"level":"info","message":"GET /other"}
{"level":"info","message":"GET /"}
{"level":"info","message":"GET /other"}
{"level":"info","message":"GET /"}
{"level":"info","message":"GET /other"}
{"level":"info","message":"GET /"}
{"level":"info","message":"GET /other"}
{"level":"info","message":"GET /"}
{"level":"info","message":"GET /other"}
{"level":"info","message":"GET /"}
{"level":"info","message":"GET /other"}
{"level":"info","message":"GET /"}
{"level":"info","message":"GET /other"}
{"level":"info","message":"GET /test"}
{"level":"info","message":"GET /"}
{"level":"info","message":"GET /other"}
{"level":"info","message":"GET /test"}
{"level":"info","message":"GET /test"}
{"level":"info","message":"GET /test"}
{"level":"info","message":"GET /test"}
{"level":"info","message":"GET /test"}
{"level":"info","message":"GET /test"}
{"level":"info","message":"GET /"}
{"level":"info","message":"GET /other"}
{"level":"info","message":"GET /test"}
{"level":"info","message":"GET /test"}
{"level":"info","message":"GET /test"}
{"level":"info","message":"GET /test"}
{"level":"info","message":"GET /test"}
{"level":"info","message":"GET /test"}
{"level":"info","message":"GET /"}
{"level":"info","message":"GET /other"}
{"level":"info","message":"GET /test"}
{"level":"info","message":"GET /test"}
{"level":"info","message":"GET /test"}
{"level":"info","message":"GET /"}
{"level":"info","message":"GET /other"}
{"level":"info","message":"GET /test"}
{"level":"info","message":"GET /test"}
{"level":"info","message":"GET /test"}
{"level":"info","message":"GET /test"}
{"level":"info","message":"GET /test"}
{"level":"info","message":"GET /test"}
{"level":"info","message":"GET /test"}
{"level":"info","message":"GET /test"}
{"level":"info","message":"GET /test"}
{"level":"info","message":"GET /test"}
{"level":"info","message":"GET /test"}
{"level":"info","message":"GET /test"}
{"level":"info","message":"GET /test"}
{"level":"info","message":"GET /test"}
{"level":"info","message":"GET /"}
{"level":"info","message":"GET /other"}
{"level":"info","message":"GET /"}
{"level":"info","message":"GET /other"}
{"level":"info","message":"GET /"}
{"level":"info","message":"GET /other"}
{"level":"info","message":"GET /"}
{"level":"info","message":"GET /other"}
{"level":"info","message":"GET /"}
{"level":"info","message":"GET /other"}
{"level":"info","message":"GET /"}
{"level":"info","message":"GET /other"}
{"level":"info","message":"GET /"}
{"level":"info","message":"GET /other"}
{"level":"info","message":"GET /"}
{"level":"info","message":"GET /other"}
{"level":"info","message":"GET /"}
{"level":"info","message":"GET /other"}
{"level":"info","message":"GET /"}
{"level":"info","message":"GET /other"}
{"level":"info","message":"GET /"}
{"level":"info","message":"GET /other"}
{"level":"info","message":"GET /"}
{"level":"info","message":"GET /other"}
{"level":"info","message":"GET /"}
{"level":"info","message":"GET /other"}
{"level":"info","message":"GET /"}
{"level":"info","message":"GET /other"}
{"level":"info","message":"GET /"}
{"level":"info","message":"GET /other"}
{"level":"info","message":"GET /"}
{"level":"info","message":"GET /other"}
{"level":"info","message":"GET /"}
{"level":"info","message":"GET /other"}
{"level":"info","message":"GET /api-docs"}
{"level":"info","message":"GET /api-docs/"}
{"level":"info","message":"GET /api-docs/swagger-ui.css"}
{"level":"info","message":"GET /api-docs/swagger-ui-bundle.js"}
{"level":"info","message":"GET /api-docs/swagger-ui-standalone-preset.js"}
{"level":"info","message":"GET /api-docs/swagger-ui-init.js"}
{"level":"info","message":"GET /api-docs/favicon-32x32.png"}
{"level":"info","message":"GET /api-docs/"}
{"level":"info","message":"GET /api-docs/swagger-ui.css"}
{"level":"info","message":"GET /api-docs/swagger-ui-bundle.js"}
{"level":"info","message":"GET /api-docs/swagger-ui-standalone-preset.js"}
{"level":"info","message":"GET /api-docs/swagger-ui-init.js"}
{"level":"info","message":"GET /api-docs/favicon-32x32.png"}
{"level":"info","message":"GET /"}
{"level":"info","message":"GET /other"}
{"level":"info","message":"GET /api-docs/"}
{"level":"info","message":"GET /api-docs/swagger-ui.css"}
{"level":"info","message":"GET /api-docs/swagger-ui-bundle.js"}
{"level":"info","message":"GET /api-docs/swagger-ui-standalone-preset.js"}
{"level":"info","message":"GET /api-docs/swagger-ui-init.js"}
{"level":"info","message":"GET /api-docs/favicon-32x32.png"}
{"level":"info","message":"GET /"}
{"level":"info","message":"GET /other"}
{"level":"info","message":"GET /"}
{"level":"info","message":"GET /other"}
{"level":"info","message":"GET /"}
{"level":"info","message":"GET /other"}
{"level":"info","message":"GET /"}
{"level":"info","message":"GET /other"}
{"level":"info","message":"GET /"}
{"level":"info","message":"GET /other"}
{"level":"info","message":"GET /"}
{"level":"info","message":"GET /other"}
{"level":"info","message":"GET /api-docs/"}
{"level":"info","message":"GET /api-docs/swagger-ui.css"}
{"level":"info","message":"GET /api-docs/swagger-ui-bundle.js"}
{"level":"info","message":"GET /api-docs/swagger-ui-standalone-preset.js"}
{"level":"info","message":"GET /api-docs/swagger-ui-init.js"}
{"level":"info","message":"GET /api-docs/favicon-32x32.png"}
{"level":"info","message":"GET /"}
{"level":"info","message":"GET /other"}
{"level":"info","message":"GET /"}
{"level":"info","message":"GET /other"}
{"level":"info","message":"GET /api-docs/"}
{"level":"info","message":"GET /api-docs/swagger-ui.css"}
{"level":"info","message":"GET /api-docs/swagger-ui-bundle.js"}
{"level":"info","message":"GET /api-docs/swagger-ui-standalone-preset.js"}
{"level":"info","message":"GET /api-docs/swagger-ui-init.js"}
{"level":"info","message":"GET /api-docs/favicon-32x32.png"}
{"level":"info","message":"GET /"}
{"level":"info","message":"GET /other"}
{"level":"info","message":"GET /api-docs/"}
{"level":"info","message":"GET /api-docs/swagger-ui.css"}
{"level":"info","message":"GET /api-docs/swagger-ui-bundle.js"}
{"level":"info","message":"GET /api-docs/swagger-ui-standalone-preset.js"}
{"level":"info","message":"GET /api-docs/swagger-ui-init.js"}
{"level":"info","message":"GET /api-docs/favicon-32x32.png"}
{"level":"info","message":"GET /"}
{"level":"info","message":"GET /other"}
{"level":"info","message":"GET /api-docs/"}
{"level":"info","message":"GET /api-docs/swagger-ui.css"}
{"level":"info","message":"GET /api-docs/swagger-ui-bundle.js"}
{"level":"info","message":"GET /api-docs/swagger-ui-standalone-preset.js"}
{"level":"info","message":"GET /api-docs/swagger-ui-init.js"}
{"level":"info","message":"GET /api-docs/favicon-32x32.png"}
{"level":"info","message":"GET /api-docs/"}
{"level":"info","message":"GET /api-docs/swagger-ui.css"}
{"level":"info","message":"GET /api-docs/swagger-ui-bundle.js"}
{"level":"info","message":"GET /api-docs/swagger-ui-standalone-preset.js"}
{"level":"info","message":"GET /api-docs/swagger-ui-init.js"}
{"level":"info","message":"GET /api-docs/favicon-32x32.png"}
{"level":"info","message":"GET /api-docs/"}
{"level":"info","message":"GET /api-docs/swagger-ui.css"}
{"level":"info","message":"GET /api-docs/swagger-ui-bundle.js"}
{"level":"info","message":"GET /api-docs/swagger-ui-standalone-preset.js"}
{"level":"info","message":"GET /api-docs/swagger-ui-init.js"}
{"level":"info","message":"GET /api-docs/favicon-32x32.png"}
{"level":"info","message":"GET /api-docs/"}
{"level":"info","message":"GET /api-docs/swagger-ui.css"}
{"level":"info","message":"GET /api-docs/swagger-ui-bundle.js"}
{"level":"info","message":"GET /api-docs/swagger-ui-standalone-preset.js"}
{"level":"info","message":"GET /api-docs/swagger-ui-init.js"}
{"level":"info","message":"GET /api-docs/favicon-32x32.png"}
{"level":"info","message":"GET /api-docs/"}
{"level":"info","message":"GET /api-docs/swagger-ui.css"}
{"level":"info","message":"GET /api-docs/swagger-ui-bundle.js"}
{"level":"info","message":"GET /api-docs/swagger-ui-standalone-preset.js"}
{"level":"info","message":"GET /api-docs/swagger-ui-init.js"}
{"level":"info","message":"GET /api-docs/favicon-32x32.png"}
{"level":"info","message":"GET /api-docs/"}
{"level":"info","message":"GET /api-docs/swagger-ui.css"}
{"level":"info","message":"GET /api-docs/swagger-ui-bundle.js"}
{"level":"info","message":"GET /api-docs/swagger-ui-standalone-preset.js"}
{"level":"info","message":"GET /api-docs/swagger-ui-init.js"}
{"level":"info","message":"GET /api-docs/favicon-32x32.png"}
{"level":"info","message":"GET /api-docs/"}
{"level":"info","message":"GET /api-docs/swagger-ui.css"}
{"level":"info","message":"GET /api-docs/swagger-ui-bundle.js"}
{"level":"info","message":"GET /api-docs/swagger-ui-standalone-preset.js"}
{"level":"info","message":"GET /api-docs/swagger-ui-init.js"}
{"level":"info","message":"GET /api-docs/favicon-32x32.png"}
{"level":"info","message":"GET /api-docs/"}
{"level":"info","message":"GET /api-docs/swagger-ui.css"}
{"level":"info","message":"GET /api-docs/swagger-ui-bundle.js"}
{"level":"info","message":"GET /api-docs/swagger-ui-standalone-preset.js"}
{"level":"info","message":"GET /api-docs/swagger-ui-init.js"}
{"level":"info","message":"GET /api-docs/favicon-32x32.png"}
{"level":"info","message":"GET /"}
{"level":"info","message":"GET /other"}
{"level":"info","message":"GET /"}
{"level":"info","message":"GET /other"}
{"level":"info","message":"GET /api-docs/"}
{"level":"info","message":"GET /api-docs/swagger-ui.css"}
{"level":"info","message":"GET /api-docs/swagger-ui-bundle.js"}
{"level":"info","message":"GET /api-docs/swagger-ui-standalone-preset.js"}
{"level":"info","message":"GET /api-docs/swagger-ui-init.js"}
{"level":"info","message":"GET /api-docs/favicon-32x32.png"}
{"level":"info","message":"GET /"}
{"level":"info","message":"GET /other"}
{"level":"info","message":"GET /"}
{"level":"info","message":"GET /other"}
{"level":"info","message":"GET /api-docs/"}
{"level":"info","message":"GET /api-docs/swagger-ui.css"}
{"level":"info","message":"GET /api-docs/swagger-ui-bundle.js"}
{"level":"info","message":"GET /api-docs/swagger-ui-standalone-preset.js"}
{"level":"info","message":"GET /api-docs/swagger-ui-init.js"}
{"level":"info","message":"GET /api-docs/favicon-32x32.png"}
{"level":"info","message":"GET /"}
{"level":"info","message":"GET /other"}
{"level":"info","message":"GET /"}
{"level":"info","message":"GET /other"}
{"level":"info","message":"GET /api-docs/favicon-32x32.png"}
{"level":"info","message":"GET /"}
{"level":"info","message":"GET /other"}
{"level":"info","message":"GET /api-docs/"}
{"level":"info","message":"GET /api-docs/swagger-ui.css"}
{"level":"info","message":"GET /api-docs/swagger-ui-bundle.js"}
{"level":"info","message":"GET /api-docs/swagger-ui-standalone-preset.js"}
{"level":"info","message":"GET /api-docs/swagger-ui-init.js"}
{"level":"info","message":"GET /api-docs/favicon-32x32.png"}
{"level":"info","message":"GET /"}
{"level":"info","message":"GET /other"}
{"level":"info","message":"GET /"}
{"level":"info","message":"GET /other"}
{"level":"info","message":"GET /"}
{"level":"info","message":"GET /other"}
{"level":"info","message":"GET /"}
{"level":"info","message":"GET /other"}
{"level":"info","message":"GET /api-docs/"}
{"level":"info","message":"GET /api-docs/swagger-ui.css"}
{"level":"info","message":"GET /api-docs/swagger-ui-standalone-preset.js"}
{"level":"info","message":"GET /api-docs/swagger-ui-bundle.js"}
{"level":"info","message":"GET /api-docs/swagger-ui-init.js"}
{"level":"info","message":"GET /api-docs/favicon-32x32.png"}
{"level":"info","message":"GET /"}
{"level":"info","message":"GET /other"}
{"level":"info","message":"GET /"}
{"level":"info","message":"GET /other"}
{"level":"info","message":"GET /"}
{"level":"info","message":"GET /other"}
{"level":"info","message":"GET /api-docs/"}
{"level":"info","message":"GET /api-docs/swagger-ui.css"}
{"level":"info","message":"GET /api-docs/swagger-ui-bundle.js"}
{"level":"info","message":"GET /api-docs/swagger-ui-standalone-preset.js"}
{"level":"info","message":"GET /api-docs/swagger-ui-init.js"}
{"level":"info","message":"GET /api-docs/favicon-32x32.png"}
{"level":"info","message":"GET /"}
{"level":"info","message":"GET /other"}
{"level":"info","message":"GET /"}
{"level":"info","message":"GET /other"}
{"level":"info","message":"GET /"}
{"level":"info","message":"GET /other"}
{"level":"info","message":"GET /"}
{"level":"info","message":"GET /other"}
{"level":"info","message":"GET /"}
{"level":"info","message":"GET /other"}
{"level":"info","message":"GET /api-docs/"}
{"level":"info","message":"GET /api-docs/swagger-ui.css"}
{"level":"info","message":"GET /api-docs/swagger-ui-bundle.js"}
{"level":"info","message":"GET /api-docs/swagger-ui-standalone-preset.js"}
{"level":"info","message":"GET /api-docs/swagger-ui-init.js"}
{"level":"info","message":"GET /api-docs/favicon-32x32.png"}
{"level":"info","message":"GET /api-docs/"}
{"level":"info","message":"GET /api-docs/swagger-ui.css"}
{"level":"info","message":"GET /api-docs/swagger-ui-bundle.js"}
{"level":"info","message":"GET /api-docs/swagger-ui-standalone-preset.js"}
{"level":"info","message":"GET /api-docs/swagger-ui-init.js"}
{"level":"info","message":"GET /api-docs/favicon-32x32.png"}
{"level":"info","message":"GET /api-docs/"}
{"level":"info","message":"GET /api-docs/swagger-ui.css"}
{"level":"info","message":"GET /api-docs/swagger-ui-bundle.js"}
{"level":"info","message":"GET /api-docs/swagger-ui-standalone-preset.js"}
{"level":"info","message":"GET /api-docs/swagger-ui-init.js"}
{"level":"info","message":"GET /api-docs/favicon-32x32.png"}
{"level":"info","message":"GET /api-docs/"}
{"level":"info","message":"GET /api-docs/swagger-ui.css"}
{"level":"info","message":"GET /api-docs/swagger-ui-bundle.js"}
{"level":"info","message":"GET /api-docs/swagger-ui-init.js"}
{"level":"info","message":"GET /api-docs/swagger-ui-standalone-preset.js"}
{"level":"info","message":"GET /api-docs/favicon-32x32.png"}
{"level":"info","message":"GET /"}
{"level":"info","message":"GET /other"}
{"level":"info","message":"GET /api-docs/"}
{"level":"info","message":"GET /api-docs/swagger-ui.css"}
{"level":"info","message":"GET /api-docs/swagger-ui-bundle.js"}
{"level":"info","message":"GET /api-docs/swagger-ui-standalone-preset.js"}
{"level":"info","message":"GET /api-docs/swagger-ui-init.js"}
{"level":"info","message":"GET /api-docs/favicon-32x32.png"}
{"level":"info","message":"GET /"}
{"level":"info","message":"GET /other"}
{"level":"info","message":"GET /"}
{"level":"info","message":"GET /other"}
{"level":"info","message":"POST /users/signup"}
{"level":"info","message":"GET /api-docs/"}
{"level":"info","message":"GET /api-docs/swagger-ui.css"}
{"level":"info","message":"GET /api-docs/swagger-ui-bundle.js"}
{"level":"info","message":"GET /api-docs/swagger-ui-standalone-preset.js"}
{"level":"info","message":"GET /api-docs/swagger-ui-init.js"}
{"level":"info","message":"GET /api-docs/favicon-32x32.png"}
{"level":"info","message":"GET /"}
{"level":"info","message":"GET /other"}
{"level":"info","message":"GET /api-docs/"}
{"level":"info","message":"GET /api-docs/swagger-ui.css"}
{"level":"info","message":"GET /api-docs/swagger-ui-bundle.js"}
{"level":"info","message":"GET /api-docs/swagger-ui-standalone-preset.js"}
{"level":"info","message":"GET /api-docs/swagger-ui-init.js"}
{"level":"info","message":"GET /api-docs/favicon-32x32.png"}
{"level":"info","message":"GET /api-docs/"}
{"level":"info","message":"GET /api-docs/swagger-ui.css"}
{"level":"info","message":"GET /api-docs/swagger-ui-bundle.js"}
{"level":"info","message":"GET /api-docs/swagger-ui-standalone-preset.js"}
{"level":"info","message":"GET /api-docs/swagger-ui-init.js"}
{"level":"info","message":"GET /api-docs/favicon-32x32.png"}
{"level":"info","message":"GET /"}
{"level":"info","message":"GET /other"}
{"level":"info","message":"GET /"}
{"level":"info","message":"GET /other"}
{"level":"info","message":"GET /api-docs/"}
{"level":"info","message":"GET /api-docs/swagger-ui.css"}
{"level":"info","message":"GET /api-docs/swagger-ui-bundle.js"}
{"level":"info","message":"GET /api-docs/swagger-ui-standalone-preset.js"}
{"level":"info","message":"GET /api-docs/swagger-ui-init.js"}
{"level":"info","message":"GET /api-docs/favicon-32x32.png"}
{"level":"info","message":"GET /api-docs/"}
{"level":"info","message":"GET /api-docs/swagger-ui.css"}
{"level":"info","message":"GET /api-docs/swagger-ui-bundle.js"}
{"level":"info","message":"GET /api-docs/swagger-ui-standalone-preset.js"}
{"level":"info","message":"GET /api-docs/swagger-ui-init.js"}
{"level":"info","message":"GET /api-docs/favicon-32x32.png"}
{"level":"info","message":"GET /"}
{"level":"info","message":"GET /other"}
{"level":"info","message":"GET /"}
{"level":"info","message":"GET /other"}
{"level":"info","message":"GET /"}
{"level":"info","message":"GET /other"}
{"level":"info","message":"GET /"}
{"level":"info","message":"GET /other"}
{"level":"info","message":"GET /api-docs/"}
{"level":"info","message":"GET /api-docs/swagger-ui.css"}
{"level":"info","message":"GET /api-docs/swagger-ui-standalone-preset.js"}
{"level":"info","message":"GET /api-docs/swagger-ui-bundle.js"}
{"level":"info","message":"GET /api-docs/swagger-ui-init.js"}
{"level":"info","message":"GET /api-docs/favicon-32x32.png"}
{"level":"info","message":"GET /"}
{"level":"info","message":"GET /other"}
{"level":"info","message":"GET /api-docs/"}
{"level":"info","message":"GET /api-docs/swagger-ui.css"}
{"level":"info","message":"GET /api-docs/swagger-ui-bundle.js"}
{"level":"info","message":"GET /api-docs/swagger-ui-standalone-preset.js"}
{"level":"info","message":"GET /api-docs/swagger-ui-init.js"}
{"level":"info","message":"GET /api-docs/favicon-32x32.png"}
{"level":"info","message":"GET /"}
{"level":"info","message":"GET /other"}
{"level":"info","message":"GET /"}
{"level":"info","message":"GET /other"}
{"level":"info","message":"GET /"}
{"level":"info","message":"GET /other"}
{"level":"info","message":"GET /"}
{"level":"info","message":"GET /other"}
{"level":"info","message":"GET /api-docs/"}
{"level":"info","message":"GET /api-docs/swagger-ui.css"}
{"level":"info","message":"GET /api-docs/swagger-ui-init.js"}
{"level":"info","message":"GET /api-docs/swagger-ui-bundle.js"}
{"level":"info","message":"GET /api-docs/swagger-ui-standalone-preset.js"}
{"level":"info","message":"GET /api-docs/favicon-32x32.png"}
{"level":"info","message":"GET /"}
{"level":"info","message":"GET /other"}
{"level":"info","message":"GET /"}
{"level":"info","message":"GET /other"}
{"level":"info","message":"GET /"}
{"level":"info","message":"GET /other"}
{"level":"info","message":"GET /"}
{"level":"info","message":"GET /other"}
{"level":"info","message":"GET /"}
{"level":"info","message":"GET /other"}
{"level":"info","message":"GET /"}
{"level":"info","message":"GET /other"}
{"level":"info","message":"GET /"}
{"level":"info","message":"GET /other"}
{"level":"info","message":"GET /"}
{"level":"info","message":"GET /other"}
{"level":"info","message":"GET /"}
{"level":"info","message":"GET /other"}
{"level":"info","message":"GET /"}
{"level":"info","message":"GET /other"}
{"level":"info","message":"GET /"}
{"level":"info","message":"GET /other"}
{"level":"info","message":"GET /"}
{"level":"info","message":"GET /other"}
{"level":"info","message":"GET /"}
{"level":"info","message":"GET /other"}
{"level":"info","message":"GET /"}
{"level":"info","message":"GET /other"}
{"level":"info","message":"GET /"}
{"level":"info","message":"GET /other"}
{"level":"info","message":"GET /"}
{"level":"info","message":"GET /other"}
{"level":"info","message":"GET /"}
{"level":"info","message":"GET /other"}
